0 info it worked if it ends with ok
1 verbose cli [ '/usr/bin/node', '/usr/bin/npm', 'run', 'build' ]
2 info using npm@6.13.4
3 info using node@v8.17.0
4 verbose run-script [ 'prebuild', 'build', 'postbuild' ]
5 info lifecycle device-app@0.1.0~prebuild: device-app@0.1.0
6 info lifecycle device-app@0.1.0~build: device-app@0.1.0
7 verbose lifecycle device-app@0.1.0~build: unsafe-perm in lifecycle true
8 verbose lifecycle device-app@0.1.0~build: PATH: /usr/lib/node_modules/npm/node_modules/npm-lifecycle/node-gyp-bin:/home/tminhdo/Desktop/DeviceMgmt/device-mgmt/device-mgmt-webui/node_modules/.bin:/usr/local/lib/npm/bin:/usr/local/lib/npm/bin:/usr/local/sbin:/usr/local/bin:/usr/sbin:/usr/bin:/sbin:/bin:/usr/games:/usr/local/games:/home/tminhdo/.node/bin:/usr/local/lib/npm/bin/yarn:/snap/bin:/usr/lib/eclipse:/usr/lib/maven/bin:/usr/lib/sublime3:/home/tminhdo/code/ee-environment/boxes/common-box:/home/tminhdo/.node/bin:/usr/local/lib/npm/bin/yarn:/usr/lib/eclipse:/usr/lib/maven/bin:/usr/lib/sublime3:/home/tminhdo/code/ee-environment/boxes/common-box
9 verbose lifecycle device-app@0.1.0~build: CWD: /home/tminhdo/Desktop/DeviceMgmt/device-mgmt/device-mgmt-webui
10 silly lifecycle device-app@0.1.0~build: Args: [ '-c', 'react-scripts build' ]
11 silly lifecycle device-app@0.1.0~build: Returned: code: 1  signal: null
12 info lifecycle device-app@0.1.0~build: Failed to exec build script
13 verbose stack Error: device-app@0.1.0 build: `react-scripts build`
13 verbose stack Exit status 1
13 verbose stack     at EventEmitter.<anonymous> (/usr/lib/node_modules/npm/node_modules/npm-lifecycle/index.js:332:16)
13 verbose stack     at emitTwo (events.js:126:13)
13 verbose stack     at EventEmitter.emit (events.js:214:7)
13 verbose stack     at ChildProcess.<anonymous> (/usr/lib/node_modules/npm/node_modules/npm-lifecycle/lib/spawn.js:55:14)
13 verbose stack     at emitTwo (events.js:126:13)
13 verbose stack     at ChildProcess.emit (events.js:214:7)
13 verbose stack     at maybeClose (internal/child_process.js:915:16)
13 verbose stack     at Process.ChildProcess._handle.onexit (internal/child_process.js:209:5)
14 verbose pkgid device-app@0.1.0
15 verbose cwd /home/tminhdo/Desktop/DeviceMgmt/device-mgmt/device-mgmt-webui
16 verbose Linux 4.15.0-48-generic
17 verbose argv "/usr/bin/node" "/usr/bin/npm" "run" "build"
18 verbose node v8.17.0
19 verbose npm  v6.13.4
20 error code ELIFECYCLE
21 error errno 1
22 error device-app@0.1.0 build: `react-scripts build`
22 error Exit status 1
23 error Failed at the device-app@0.1.0 build script.
23 error This is probably not a problem with npm. There is likely additional logging output above.
24 verbose exit [ 1, true ]
